Using pre-set license
Built from '2020.3/staging' branch; Version is '2020.3.13f1 (71691879b7f5) revision 7432472'; Using compiler version '192528614'; Build Type 'Release'
OS: 'Windows 10 Home; OS build 19042.1237; Version 2009; 64bit' Language: 'fr' Physical Memory: 8043 MB
BatchMode: 1, IsHumanControllingUs: 0, StartBugReporterOnCrash: 0, Is64bit: 1, IsPro: 0

 COMMAND LINE ARGUMENTS:
C:\Program Files\Unity\Hub\Editor\2020.3.13f1\Editor\Unity.exe
-adb2
-batchMode
-noUpm
-name
AssetImportWorker0
-projectPath
C:/Users/cleme/OneDrive/Documents/github/24-carrots-pirate/24 carrot pirate
-logFile
Logs/AssetImportWorker0.log
-srvPort
52771
Successfully changed project path to: C:/Users/cleme/OneDrive/Documents/github/24-carrots-pirate/24 carrot pirate
C:/Users/cleme/OneDrive/Documents/github/24-carrots-pirate/24 carrot pirate
Using Asset Import Pipeline V2.
Refreshing native plugins compatible for Editor in 46.31 ms, found 3 plugins.
Preloading 0 native plugins for Editor in 0.00 ms.
Initialize engine version: 2020.3.13f1 (71691879b7f5)
[Subsystems] Discovering subsystems at path C:/Program Files/Unity/Hub/Editor/2020.3.13f1/Editor/Data/Resources/UnitySubsystems
[Subsystems] Discovering subsystems at path C:/Users/cleme/OneDrive/Documents/github/24-carrots-pirate/24 carrot pirate/Assets
GfxDevice: creating device client; threaded=0
Direct3D:
    Version:  Direct3D 11.0 [level 11.1]
    Renderer: NVIDIA GeForce GTX 1650 (ID=0x1f91)
    Vendor:   
    VRAM:     3962 MB
    Driver:   27.21.14.6140
Initialize mono
Mono path[0] = 'C:/Program Files/Unity/Hub/Editor/2020.3.13f1/Editor/Data/Managed'
Mono path[1] = 'C:/Program Files/Unity/Hub/Editor/2020.3.13f1/Editor/Data/MonoBleedingEdge/lib/mono/unityjit'
Mono config path = 'C:/Program Files/Unity/Hub/Editor/2020.3.13f1/Editor/Data/MonoBleedingEdge/etc'
Using monoOptions --debugger-agent=transport=dt_socket,embedding=1,server=y,suspend=n,address=127.0.0.1:56928
Begin MonoManager ReloadAssembly
Registering precompiled unity dll's ...
Register platform support module: C:/Program Files/Unity/Hub/Editor/2020.3.13f1/Editor/Data/PlaybackEngines/WebGLSupport/UnityEditor.WebGL.Extensions.dll
Register platform support module: C:/Program Files/Unity/Hub/Editor/2020.3.13f1/Editor/Data/PlaybackEngines/MacStandaloneSupport/UnityEditor.OSXStandalone.Extensions.dll
Register platform support module: C:/Program Files/Unity/Hub/Editor/2020.3.13f1/Editor/Data/PlaybackEngines/WindowsStandaloneSupport/UnityEditor.WindowsStandalone.Extensions.dll
Register platform support module: C:/Program Files/Unity/Hub/Editor/2020.3.13f1/Editor/Data/PlaybackEngines/LinuxStandaloneSupport/UnityEditor.LinuxStandalone.Extensions.dll
Register platform support module: C:/Program Files/Unity/Hub/Editor/2020.3.13f1/Editor/Data/PlaybackEngines/LuminSupport/UnityEditor.Lumin.Extensions.dll
Registered in 0.004699 seconds.
Native extension for Lumin target not found
Native extension for LinuxStandalone target not found
Native extension for WindowsStandalone target not found
Native extension for OSXStandalone target not found
Native extension for WebGL target not found
Refreshing native plugins compatible for Editor in 41.33 ms, found 3 plugins.
Preloading 0 native plugins for Editor in 0.00 ms.
Mono: successfully reloaded assembly
- Completed reload, in  2.407 seconds
Platform modules already initialized, skipping
Registering precompiled user dll's ...
Registered in 0.005481 seconds.
Begin MonoManager ReloadAssembly
Native extension for Lumin target not found
Native extension for LinuxStandalone target not found
Native extension for WindowsStandalone target not found
Native extension for OSXStandalone target not found
Native extension for WebGL target not found
Refreshing native plugins compatible for Editor in 49.25 ms, found 3 plugins.
Preloading 0 native plugins for Editor in 0.00 ms.
Mono: successfully reloaded assembly
- Completed reload, in  1.430 seconds
Platform modules already initialized, skipping
========================================================================
Worker process is ready to serve import requests
Launched and connected shader compiler UnityShaderCompiler.exe after 0.06 seconds
Refreshing native plugins compatible for Editor in 0.66 ms, found 3 plugins.
Preloading 0 native plugins for Editor in 0.00 ms.
Unloading 2090 Unused Serialized files (Serialized files now loaded: 0)
System memory in use before: 93.7 MB.
System memory in use after: 93.7 MB.

Unloading 33 unused Assets to reduce memory usage. Loaded Objects now: 2523.
Total: 3.870600 ms (FindLiveObjects: 0.216600 ms CreateObjectMapping: 0.079300 ms MarkObjects: 3.424100 ms  DeleteObjects: 0.149200 ms)

AssetImportParameters requested are different than current active one (requested -> active):
  custom:framework-win-MediaFoundation: 216162199b28c13a410421893ffa2e32 -> 
  custom:video-decoder-ogg-theora: a1e56fd34408186e4bbccfd4996cb3dc -> 
  custom:container-muxer-webm: aa71ff27fc2769a1b78a27578f13a17b -> 
  custom:container-demuxer-webm: 4f35f7cbe854078d1ac9338744f61a02 -> 
  custom:container-demuxer-ogg: 62fdf1f143b41e24485cea50d1cbac27 -> 
  custom:video-encoder-webm-vp8: eb34c28f22e8b96e1ab97ce403110664 -> 
  custom:video-codec-MediaFoundation-h265: 746d11721c4dcdbdad8f713fa42b33f4 -> 
  custom:video-decoder-webm-vp8: 9c59270c3fd7afecdb556c50c9e8de78 -> 
  custom:audio-decoder-ogg-vorbis: bf7c407c2cedff20999df2af8eb42d56 -> 
  custom:audio-encoder-webm-vorbis: bf7c407c2cedff20999df2af8eb42d56 -> 
========================================================================
Received Import Request.
  path: Assets/Map/Scenes/Scene.unity
  artifactKey: Guid(d9f8c2fdf48824faaa2ed178aa5dc8ef) Importer(815301076,1909f56bfc062723c751e8b465ee728b)
Start importing Assets/Map/Scenes/Scene.unity using Guid(d9f8c2fdf48824faaa2ed178aa5dc8ef) Importer(815301076,1909f56bfc062723c751e8b465ee728b)  -> (artifact id: '8faf380fb85a633bf350180b2d511c8e') in 0.014469 seconds 
  Import took 0.018349 seconds .

========================================================================
Received Import Request.
  Time since last request: 0.000587 seconds.
  path: Assets/Map/Scenes
  artifactKey: Guid(feba693715bef48e2be2f857837ee048) Importer(815301076,1909f56bfc062723c751e8b465ee728b)
Start importing Assets/Map/Scenes using Guid(feba693715bef48e2be2f857837ee048) Importer(815301076,1909f56bfc062723c751e8b465ee728b)  -> (artifact id: '6244ba48a998144dc55fb0f113bddcd3') in 0.003448 seconds 
  Import took 0.006944 seconds .

========================================================================
Received Import Request.
  Time since last request: 0.000460 seconds.
  path: Assets/Map
  artifactKey: Guid(d42d7eee35d738047b4af8e2e26ded59) Importer(815301076,1909f56bfc062723c751e8b465ee728b)
Start importing Assets/Map using Guid(d42d7eee35d738047b4af8e2e26ded59) Importer(815301076,1909f56bfc062723c751e8b465ee728b)  -> (artifact id: '86a6df871c0f429138e574cbb51a65df') in 0.003319 seconds 
  Import took 0.006696 seconds .

========================================================================
Received Import Request.
  Time since last request: 9.268631 seconds.
  path: Assets/script
  artifactKey: Guid(a8c32eb36a04dcf48a6a9d72ef82e646) Importer(815301076,1909f56bfc062723c751e8b465ee728b)
Start importing Assets/script using Guid(a8c32eb36a04dcf48a6a9d72ef82e646) Importer(815301076,1909f56bfc062723c751e8b465ee728b)  -> (artifact id: 'f3b30c0cef4f6607b0e776b5a4aab685') in 0.005083 seconds 
  Import took 0.011430 seconds .

========================================================================
Received Import Request.
  Time since last request: 4.432495 seconds.
  path: Assets/Map/Scripts
  artifactKey: Guid(08021d2aed08a43afb65af2c61e3f366) Importer(815301076,1909f56bfc062723c751e8b465ee728b)
Start importing Assets/Map/Scripts using Guid(08021d2aed08a43afb65af2c61e3f366) Importer(815301076,1909f56bfc062723c751e8b465ee728b)  -> (artifact id: '0a1c87163d313aebe128abe905c09fd3') in 0.003594 seconds 
  Import took 0.008499 seconds .

========================================================================
Received Import Request.
  Time since last request: 1.793534 seconds.
  path: Assets/Map/Scripts/MapGenerator.cs
  artifactKey: Guid(916b4f4143ed7456294aa19afa97bde8) Importer(815301076,1909f56bfc062723c751e8b465ee728b)
Start importing Assets/Map/Scripts/MapGenerator.cs using Guid(916b4f4143ed7456294aa19afa97bde8) Importer(815301076,1909f56bfc062723c751e8b465ee728b)  -> (artifact id: '9efb772b0e88ae784637cc9990aa78d2') in 0.061393 seconds 
  Import took 0.065194 seconds .

========================================================================
Received Import Request.
  Time since last request: 19.822226 seconds.
  path: Assets/Map/Scripts/MapGenerator.cs
  artifactKey: Guid(916b4f4143ed7456294aa19afa97bde8) Importer(815301076,1909f56bfc062723c751e8b465ee728b)
Start importing Assets/Map/Scripts/MapGenerator.cs using Guid(916b4f4143ed7456294aa19afa97bde8) Importer(815301076,1909f56bfc062723c751e8b465ee728b)  -> (artifact id: 'bbf329440acc2df21bb6214ba1cbddbc') in 0.003993 seconds 
  Import took 0.010761 seconds .

========================================================================
Received Import Request.
  Time since last request: 3.730514 seconds.
  path: Assets/Map/Scripts/MapGenerator.cs
  artifactKey: Guid(916b4f4143ed7456294aa19afa97bde8) Importer(815301076,1909f56bfc062723c751e8b465ee728b)
Start importing Assets/Map/Scripts/MapGenerator.cs using Guid(916b4f4143ed7456294aa19afa97bde8) Importer(815301076,1909f56bfc062723c751e8b465ee728b)  -> (artifact id: '31f3ce9670c804414eb06a7fb667dd4a') in 0.003351 seconds 
  Import took 0.008136 seconds .

========================================================================
Received Import Request.
  Time since last request: 5.015121 seconds.
  path: Assets/Map/Scripts/MapGenerator.cs
  artifactKey: Guid(916b4f4143ed7456294aa19afa97bde8) Importer(815301076,1909f56bfc062723c751e8b465ee728b)
Start importing Assets/Map/Scripts/MapGenerator.cs using Guid(916b4f4143ed7456294aa19afa97bde8) Importer(815301076,1909f56bfc062723c751e8b465ee728b)  -> (artifact id: 'd0256a0e5296c041a219c473500a984d') in 0.003575 seconds 
  Import took 0.008695 seconds .

========================================================================
Received Import Request.
  Time since last request: 1.657526 seconds.
  path: Assets/Map/Scripts/MapGenerator.cs
  artifactKey: Guid(916b4f4143ed7456294aa19afa97bde8) Importer(815301076,1909f56bfc062723c751e8b465ee728b)
Start importing Assets/Map/Scripts/MapGenerator.cs using Guid(916b4f4143ed7456294aa19afa97bde8) Importer(815301076,1909f56bfc062723c751e8b465ee728b)  -> (artifact id: '9ffcca080df2d2f868500bd7d6efbb2e') in 0.003067 seconds 
  Import took 0.007744 seconds .

========================================================================
Received Prepare
Registering precompiled user dll's ...
Registered in 0.008834 seconds.
Begin MonoManager ReloadAssembly
Native extension for Lumin target not found
Native extension for LinuxStandalone target not found
Native extension for WindowsStandalone target not found
Native extension for OSXStandalone target not found
Native extension for WebGL target not found
Refreshing native plugins compatible for Editor in 0.59 ms, found 3 plugins.
Preloading 0 native plugins for Editor in 0.00 ms.
Mono: successfully reloaded assembly
- Completed reload, in  1.438 seconds
Platform modules already initialized, skipping
Refreshing native plugins compatible for Editor in 0.47 ms, found 3 plugins.
Preloading 0 native plugins for Editor in 0.00 ms.
Unloading 2085 Unused Serialized files (Serialized files now loaded: 0)
System memory in use before: 93.7 MB.
System memory in use after: 93.7 MB.

Unloading 21 unused Assets to reduce memory usage. Loaded Objects now: 2527.
Total: 3.092200 ms (FindLiveObjects: 0.204100 ms CreateObjectMapping: 0.077500 ms MarkObjects: 2.705200 ms  DeleteObjects: 0.104300 ms)

AssetImportParameters requested are different than current active one (requested -> active):
  custom:framework-win-MediaFoundation: 216162199b28c13a410421893ffa2e32 -> 
  custom:video-decoder-ogg-theora: a1e56fd34408186e4bbccfd4996cb3dc -> 
  custom:container-muxer-webm: aa71ff27fc2769a1b78a27578f13a17b -> 
  custom:container-demuxer-webm: 4f35f7cbe854078d1ac9338744f61a02 -> 
  custom:container-demuxer-ogg: 62fdf1f143b41e24485cea50d1cbac27 -> 
  custom:video-encoder-webm-vp8: eb34c28f22e8b96e1ab97ce403110664 -> 
  custom:video-codec-MediaFoundation-h265: 746d11721c4dcdbdad8f713fa42b33f4 -> 
  custom:video-decoder-webm-vp8: 9c59270c3fd7afecdb556c50c9e8de78 -> 
  custom:audio-decoder-ogg-vorbis: bf7c407c2cedff20999df2af8eb42d56 -> 
  custom:audio-encoder-webm-vorbis: bf7c407c2cedff20999df2af8eb42d56 -> 
